  main.cpp
D:\VS_Project\Soft_Renderer\tgaimage.h(58,59): warning C4244: “=”: 从“float”转换到“unsigned char”，可能丢失数据
D:\VS_Project\Soft_Renderer\main.cpp(94,14): warning C4244: “=”: 从“clock_t”转换到“float”，可能丢失数据
D:\VS_Project\Soft_Renderer\main.cpp(122,21): warning C4018: “<”: 有符号/无符号不匹配
D:\VS_Project\Soft_Renderer\main.cpp(157,22): warning C4018: “<”: 有符号/无符号不匹配
  model.cpp
D:\VS_Project\Soft_Renderer\tgaimage.h(58,59): warning C4244: “=”: 从“float”转换到“unsigned char”，可能丢失数据
D:\VS_Project\Soft_Renderer\model.cpp(83,58): warning C4244: “参数”: 从“T”转换到“T”，可能丢失数据
          with
          [
              T=double
          ]
          and
          [
              T=int
          ]
D:\VS_Project\Soft_Renderer\model.cpp(83,26): warning C4244: “参数”: 从“T”转换到“T”，可能丢失数据
          with
          [
              T=double
          ]
          and
          [
              T=int
          ]
D:\VS_Project\Soft_Renderer\model.cpp(88,57): warning C4244: “参数”: 从“T”转换到“T”，可能丢失数据
          with
          [
              T=double
          ]
          and
          [
              T=int
          ]
D:\VS_Project\Soft_Renderer\model.cpp(88,26): warning C4244: “参数”: 从“T”转换到“T”，可能丢失数据
          with
          [
              T=double
          ]
          and
          [
              T=int
          ]
D:\VS_Project\Soft_Renderer\model.cpp(101,59): warning C4244: “参数”: 从“T”转换到“T”，可能丢失数据
          with
          [
              T=double
          ]
          and
          [
              T=int
          ]
D:\VS_Project\Soft_Renderer\model.cpp(101,26): warning C4244: “参数”: 从“T”转换到“T”，可能丢失数据
          with
          [
              T=double
          ]
          and
          [
              T=int
          ]
  myGL.cpp
D:\VS_Project\Soft_Renderer\tgaimage.h(58,59): warning C4244: “=”: 从“float”转换到“unsigned char”，可能丢失数据
D:\VS_Project\Soft_Renderer\myGL.cpp(98,48): warning C4244: “参数”: 从“T”转换到“T”，可能丢失数据
          with
          [
              T=double
          ]
          and
          [
              T=int
          ]
D:\VS_Project\Soft_Renderer\myGL.cpp(98,38): warning C4244: “参数”: 从“T”转换到“T”，可能丢失数据
          with
          [
              T=double
          ]
          and
          [
              T=int
          ]
D:\VS_Project\Soft_Renderer\myGL.cpp(98,28): warning C4244: “参数”: 从“T”转换到“T”，可能丢失数据
          with
          [
              T=double
          ]
          and
          [
              T=int
          ]
D:\VS_Project\Soft_Renderer\myGL.cpp(112,20): warning C4244: “初始化”: 从“T”转换到“float”，可能丢失数据
          with
          [
              T=double
          ]
D:\VS_Project\Soft_Renderer\myGL.cpp(169,18): warning C4244: “=”: 从“T”转换到“float”，可能丢失数据
          with
          [
              T=double
          ]
  正在生成代码...
  Soft_Renderer.vcxproj -> D:\VS_Project\Soft_Renderer\Debug\Soft_Renderer.exe
